<?xml version="1.0" encoding="UTF-8"?>
<testng-results skipped="0" failed="0" ignored="0" total="1" passed="1">
  <reporter-output>
  </reporter-output>
  <suite name="Default suite" duration-ms="4155" started-at="2018-04-17T18:44:00Z" finished-at="2018-04-17T18:44:04Z">
    <groups>
    </groups>
    <test name="Default test" duration-ms="4155" started-at="2018-04-17T18:44:00Z" finished-at="2018-04-17T18:44:04Z">
      <class name="taTest.NewTest">
        <test-method status="PASS" signature="beforeTest()[pri:0, instance:taTest.NewTest@7b69c6ba]" name="beforeTest" is-config="true" duration-ms="12" started-at="2018-04-17T18:44:00Z" finished-at="2018-04-17T18:44:00Z">
          <reporter-output>
          </reporter-output>
        </test-method> <!-- beforeTest -->
        <test-method status="PASS" signature="testEasy()[pri:0, instance:taTest.NewTest@7b69c6ba]" name="testEasy" duration-ms="4123" started-at="2018-04-17T18:44:00Z" finished-at="2018-04-17T18:44:04Z">
          <reporter-output>
          </reporter-output>
        </test-method> <!-- testEasy -->
        <test-method status="PASS" signature="afterTest()[pri:0, instance:taTest.NewTest@7b69c6ba]" name="afterTest" is-config="true" duration-ms="0" started-at="2018-04-17T18:44:04Z" finished-at="2018-04-17T18:44:04Z">
          <reporter-output>
          </reporter-output>
        </test-method> <!-- afterTest -->
      </class> <!-- taTest.NewTest -->
    </test> <!-- Default test -->
  </suite> <!-- Default suite -->
</testng-results>
